0 info it worked if it ends with ok
1 verbose cli [ '/usr/bin/node',
1 verbose cli   '/usr/bin/npm',
1 verbose cli   'install',
1 verbose cli   '-g',
1 verbose cli   'generator-webapp' ]
2 info using npm@1.4.28
3 info using node@v0.10.37
4 verbose node symlink /usr/bin/node
5 verbose cache add [ 'generator-webapp', null ]
6 verbose cache add name=undefined spec="generator-webapp" args=["generator-webapp",null]
7 verbose parsed url { protocol: null,
7 verbose parsed url   slashes: null,
7 verbose parsed url   auth: null,
7 verbose parsed url   host: null,
7 verbose parsed url   port: null,
7 verbose parsed url   hostname: null,
7 verbose parsed url   hash: null,
7 verbose parsed url   search: null,
7 verbose parsed url   query: null,
7 verbose parsed url   pathname: 'generator-webapp',
7 verbose parsed url   path: 'generator-webapp',
7 verbose parsed url   href: 'generator-webapp' }
8 silly lockFile 3c53199c-generator-webapp generator-webapp
9 verbose lock generator-webapp /home/mitsuko/.npm/3c53199c-generator-webapp.lock
10 silly lockFile 3c53199c-generator-webapp generator-webapp
11 silly lockFile 3c53199c-generator-webapp generator-webapp
12 verbose addNamed [ 'generator-webapp', '' ]
13 verbose addNamed [ null, '*' ]
14 silly lockFile e02d5f55-generator-webapp generator-webapp@
15 verbose lock generator-webapp@ /home/mitsuko/.npm/e02d5f55-generator-webapp.lock
16 silly addNameRange { name: 'generator-webapp', range: '*', hasData: false }
17 verbose request where is /generator-webapp
18 verbose request registry https://registry.npmjs.org/
19 verbose request id bb4e2dd60aecdbdd
20 verbose url raw /generator-webapp
21 verbose url resolving [ 'https://registry.npmjs.org/', './generator-webapp' ]
22 verbose url resolved https://registry.npmjs.org/generator-webapp
23 verbose request where is https://registry.npmjs.org/generator-webapp
24 info trying registry request attempt 1 at 04:11:58
25 verbose etag "6FSNF9IGXB6IN8KBB2INCMXJ7"
26 http GET https://registry.npmjs.org/generator-webapp
27 http 304 https://registry.npmjs.org/generator-webapp
28 silly registry.get cb [ 304,
28 silly registry.get   { date: 'Fri, 08 May 2015 02:11:59 GMT',
28 silly registry.get     via: '1.1 varnish',
28 silly registry.get     'last-modified': 'Fri, 08 May 2015 02:11:59 GMT',
28 silly registry.get     'cache-control': 'max-age=60',
28 silly registry.get     etag: '"6FSNF9IGXB6IN8KBB2INCMXJ7"',
28 silly registry.get     age: '0',
28 silly registry.get     connection: 'keep-alive',
28 silly registry.get     'x-served-by': 'cache-fra1222-FRA',
28 silly registry.get     'x-cache': 'HIT',
28 silly registry.get     'x-cache-hits': '1',
28 silly registry.get     'x-timer': 'S1431051119.128690,VS0,VE698',
28 silly registry.get     vary: 'Accept' } ]
29 verbose etag https://registry.npmjs.org/generator-webapp from cache
30 silly addNameRange number 2 { name: 'generator-webapp', range: '*', hasData: true }
31 silly addNameRange versions [ 'generator-webapp',
31 silly addNameRange   [ '0.1.0',
31 silly addNameRange     '0.1.1',
31 silly addNameRange     '0.1.2',
31 silly addNameRange     '0.1.3',
31 silly addNameRange     '0.1.4',
31 silly addNameRange     '0.1.5',
31 silly addNameRange     '0.1.6',
31 silly addNameRange     '0.1.7',
31 silly addNameRange     '0.2.0',
31 silly addNameRange     '0.2.1',
31 silly addNameRange     '0.2.2',
31 silly addNameRange     '0.2.3',
31 silly addNameRange     '0.2.4',
31 silly addNameRange     '0.2.5',
31 silly addNameRange     '0.2.6',
31 silly addNameRange     '0.2.7',
31 silly addNameRange     '0.3.0',
31 silly addNameRange     '0.3.1',
31 silly addNameRange     '0.4.0',
31 silly addNameRange     '0.4.1',
31 silly addNameRange     '0.4.2',
31 silly addNameRange     '0.4.3',
31 silly addNameRange     '0.4.4',
31 silly addNameRange     '0.4.5',
31 silly addNameRange     '0.4.6',
31 silly addNameRange     '0.4.7',
31 silly addNameRange     '0.4.8',
31 silly addNameRange     '0.4.9',
31 silly addNameRange     '0.5.0-1',
31 silly addNameRange     '0.5.0-rc.1',
31 silly addNameRange     '0.5.0-2',
31 silly addNameRange     '0.5.0',
31 silly addNameRange     '0.5.1' ] ]
32 verbose addNamed [ 'generator-webapp', '0.5.1' ]
33 verbose addNamed [ '0.5.1', '0.5.1' ]
34 silly lockFile c7c60681-generator-webapp-0-5-1 generator-webapp@0.5.1
35 verbose lock generator-webapp@0.5.1 /home/mitsuko/.npm/c7c60681-generator-webapp-0-5-1.lock
36 silly lockFile c7c60681-generator-webapp-0-5-1 generator-webapp@0.5.1
37 silly lockFile c7c60681-generator-webapp-0-5-1 generator-webapp@0.5.1
38 silly lockFile e02d5f55-generator-webapp generator-webapp@
39 silly lockFile e02d5f55-generator-webapp generator-webapp@
40 silly resolved [ { name: 'generator-webapp',
40 silly resolved     version: '0.5.1',
40 silly resolved     description: 'Scaffold out a front-end web app',
40 silly resolved     license: 'BSD',
40 silly resolved     repository:
40 silly resolved      { type: 'git',
40 silly resolved        url: 'https://github.com/yeoman/generator-webapp' },
40 silly resolved     author: { name: 'The Yeoman Team' },
40 silly resolved     main: 'app/index.js',
40 silly resolved     engines: { node: '>=0.10.0', npm: '>=1.2.10' },
40 silly resolved     scripts: { test: 'mocha --reporter spec' },
40 silly resolved     files: [ 'app' ],
40 silly resolved     keywords:
40 silly resolved      [ 'yeoman-generator',
40 silly resolved        'web',
40 silly resolved        'app',
40 silly resolved        'front-end',
40 silly resolved        'h5bp',
40 silly resolved        'modernizr',
40 silly resolved        'jquery',
40 silly resolved        'grunt' ],
40 silly resolved     dependencies:
40 silly resolved      { chalk: '^0.5.1',
40 silly resolved        cheerio: '^0.17.0',
40 silly resolved        'yeoman-generator': '~0.17.3',
40 silly resolved        yosay: '~1.0.0' },
40 silly resolved     devDependencies: { mocha: '*', underscore: '^1.6.0' },
40 silly resolved     peerDependencies: { yo: '>=1.2.0', 'generator-mocha': '>=0.1.0' },
40 silly resolved     gitHead: 'ddbc163f38f6313fb368419340e3c42df7d21f06',
40 silly resolved     bugs: { url: 'https://github.com/yeoman/generator-webapp/issues' },
40 silly resolved     homepage: 'https://github.com/yeoman/generator-webapp',
40 silly resolved     _id: 'generator-webapp@0.5.1',
40 silly resolved     _shasum: '4581cd69d5d0010be777863fb4a887b4a9ddb173',
40 silly resolved     _from: 'generator-webapp@',
40 silly resolved     _npmVersion: '2.1.2',
40 silly resolved     _nodeVersion: '0.10.32',
40 silly resolved     _npmUser: { name: 'eddiemonge', email: 'eddie+npm@eddiemonge.com' },
40 silly resolved     maintainers: [ [Object], [Object], [Object], [Object], [Object], [Object] ],
40 silly resolved     dist:
40 silly resolved      { shasum: '4581cd69d5d0010be777863fb4a887b4a9ddb173',
40 silly resolved        tarball: 'http://registry.npmjs.org/generator-webapp/-/generator-webapp-0.5.1.tgz' },
40 silly resolved     directories: {},
40 silly resolved     _resolved: 'https://registry.npmjs.org/generator-webapp/-/generator-webapp-0.5.1.tgz',
40 silly resolved     readme: 'ERROR: No README data found!' } ]
41 info install generator-webapp@0.5.1 into /usr/lib
42 info installOne generator-webapp@0.5.1
43 verbose lib/node_modules/generator-webapp unbuild
44 verbose tar unpack /home/mitsuko/.npm/generator-webapp/0.5.1/package.tgz
45 silly lockFile 94b7d171-ib-node-modules-generator-webapp tar:///usr/lib/node_modules/generator-webapp
46 verbose lock tar:///usr/lib/node_modules/generator-webapp /home/mitsuko/.npm/94b7d171-ib-node-modules-generator-webapp.lock
47 silly lockFile 8c466790-nerator-webapp-0-5-1-package-tgz tar:///home/mitsuko/.npm/generator-webapp/0.5.1/package.tgz
48 verbose lock tar:///home/mitsuko/.npm/generator-webapp/0.5.1/package.tgz /home/mitsuko/.npm/8c466790-nerator-webapp-0-5-1-package-tgz.lock
49 silly gunzTarPerm modes [ '775', '664' ]
50 error Error: EACCES, mkdir '/usr/lib/node_modules/generator-webapp'
50 error  { [Error: EACCES, mkdir '/usr/lib/node_modules/generator-webapp']
50 error   errno: 3,
50 error   code: 'EACCES',
50 error   path: '/usr/lib/node_modules/generator-webapp',
50 error   fstream_type: 'Directory',
50 error   fstream_path: '/usr/lib/node_modules/generator-webapp',
50 error   fstream_class: 'DirWriter',
50 error   fstream_stack:
50 error    [ '/usr/lib/node_modules/npm/node_modules/fstream/lib/dir-writer.js:36:23',
50 error      '/usr/lib/node_modules/npm/node_modules/mkdirp/index.js:46:53',
50 error      'Object.oncomplete (fs.js:108:15)' ] }
51 error Please try running this command again as root/Administrator.
52 error System Linux 3.13.0-45-generic
53 error command "/usr/bin/node" "/usr/bin/npm" "install" "-g" "generator-webapp"
54 error cwd /home/mitsuko/yeoman_annuaire
55 error node -v v0.10.37
56 error npm -v 1.4.28
57 error path /usr/lib/node_modules/generator-webapp
58 error fstream_path /usr/lib/node_modules/generator-webapp
59 error fstream_type Directory
60 error fstream_class DirWriter
61 error code EACCES
62 error errno 3
63 error stack Error: EACCES, mkdir '/usr/lib/node_modules/generator-webapp'
64 error fstream_stack /usr/lib/node_modules/npm/node_modules/fstream/lib/dir-writer.js:36:23
64 error fstream_stack /usr/lib/node_modules/npm/node_modules/mkdirp/index.js:46:53
64 error fstream_stack Object.oncomplete (fs.js:108:15)
65 verbose exit [ 3, true ]
